[debug] [2024-02-11T16:27:35.903Z] ----------------------------------------------------------------------
[debug] [2024-02-11T16:27:35.905Z] Command:       C:\Program Files\nodejs\node.exe C:\Users\matee\AppData\Roaming\npm\node_modules\firebase-tools\lib\bin\firebase.js init
[debug] [2024-02-11T16:27:35.905Z] CLI Version:   13.2.1
[debug] [2024-02-11T16:27:35.905Z] Platform:      win32
[debug] [2024-02-11T16:27:35.905Z] Node Version:  v20.9.0
[debug] [2024-02-11T16:27:35.906Z] Time:          Sun Feb 11 2024 21:57:35 GMT+0530 (India Standard Time)
[debug] [2024-02-11T16:27:35.906Z] ----------------------------------------------------------------------
[debug] 
[debug] [2024-02-11T16:27:35.908Z] >>> [apiv2][query] GET https://firebase-public.firebaseio.com/cli.json [none]
[debug] [2024-02-11T16:27:35.953Z] > command requires scopes: ["email","openid","https://www.googleapis.com/auth/cloudplatformprojects.readonly","https://www.googleapis.com/auth/firebase","https://www.googleapis.com/auth/cloud-platform"]
[debug] [2024-02-11T16:27:35.953Z] > authorizing via signed-in user (mateenzak@gmail.com)
[info] 
     ######## #### ########  ######## ########     ###     ######  ########
     ##        ##  ##     ## ##       ##     ##  ##   ##  ##       ##
     ######    ##  ########  ######   ########  #########  ######  ######
     ##        ##  ##    ##  ##       ##     ## ##     ##       ## ##
     ##       #### ##     ## ######## ########  ##     ##  ######  ########

You're about to initialize a Firebase project in this directory:

  J:\ZK Solutions\adex-master

[debug] [2024-02-11T16:27:36.575Z] <<< [apiv2][status] GET https://firebase-public.firebaseio.com/cli.json 200
[debug] [2024-02-11T16:27:36.575Z] <<< [apiv2][body] GET https://firebase-public.firebaseio.com/cli.json {"cloudBuildErrorAfter":1594252800000,"cloudBuildWarnAfter":1590019200000,"defaultNode10After":1594252800000,"minVersion":"3.0.5","node8DeploysDisabledAfter":1613390400000,"node8RuntimeDisabledAfter":1615809600000,"node8WarnAfter":1600128000000}
[info] 
=== Project Setup
[info] 
[info] First, let's associate this project directory with a Firebase project.
[info] You can create multiple project aliases by running firebase use --add, 
[info] but for now we'll just set up a default project.
[info] 
[debug] [2024-02-11T16:27:58.528Z] > refreshing access token with scopes: []
[debug] [2024-02-11T16:27:58.529Z] >>> [apiv2][query] POST https://www.googleapis.com/oauth2/v3/token [none]
[debug] [2024-02-11T16:27:58.529Z] >>> [apiv2][body] POST https://www.googleapis.com/oauth2/v3/token [omitted]
[debug] [2024-02-11T16:27:58.788Z] <<< [apiv2][status] POST https://www.googleapis.com/oauth2/v3/token 200
[debug] [2024-02-11T16:27:58.788Z] <<< [apiv2][body] POST https://www.googleapis.com/oauth2/v3/token [omitted]
[debug] [2024-02-11T16:27:58.796Z] >>> [apiv2][query] GET https://firebase.googleapis.com/v1beta1/projects pageSize=100
[debug] [2024-02-11T16:27:59.500Z] <<< [apiv2][status] GET https://firebase.googleapis.com/v1beta1/projects 200
[debug] [2024-02-11T16:27:59.500Z] <<< [apiv2][body] GET https://firebase.googleapis.com/v1beta1/projects [omitted]
[info] i  Don't want to scroll through all your projects? If you know your project ID, you can initialize it directly using firebase init --project <project_id>.
 
[info] i  Using project zk-solutions (ZK Solutions) 
[info] 
=== Hosting Setup
[debug] [2024-02-11T16:28:08.947Z] >>> [apiv2][query] GET https://firebase.googleapis.com/v1beta1/projects/zk-solutions [none]
[debug] [2024-02-11T16:28:09.362Z] <<< [apiv2][status] GET https://firebase.googleapis.com/v1beta1/projects/zk-solutions 200
[debug] [2024-02-11T16:28:09.362Z] <<< [apiv2][body] GET https://firebase.googleapis.com/v1beta1/projects/zk-solutions {"projectId":"zk-solutions","projectNumber":"409131329284","displayName":"ZK Solutions","name":"projects/zk-solutions","resources":{"hostingSite":"zk-solutions"},"state":"ACTIVE","etag":"1_2f8c3331-dfff-49b1-943d-10247d87faab"}
[info] 
[info] Your public directory is the folder (relative to your project directory) that
[info] will contain Hosting assets to be uploaded with firebase deploy. If you
[info] have a build process for your assets, use your build's output directory.
[info] 
[debug] [2024-02-11T16:28:21.558Z] >>> [apiv2][query] GET https://www.gstatic.com/firebasejs/releases.json [none]
[debug] [2024-02-11T16:28:21.732Z] <<< [apiv2][status] GET https://www.gstatic.com/firebasejs/releases.json 200
[debug] [2024-02-11T16:28:21.732Z] <<< [apiv2][body] GET https://www.gstatic.com/firebasejs/releases.json {"current":{"version":"10.8.0","browserURL":"https://www.gstatic.com/firebasejs/10.8.0/firebase.js","packageURL":"https://www.gstatic.com/firebasejs/10.8.0/firebase.tgz"},"live":{"version":"10.8","browserURL":"https://www.gstatic.com/firebasejs/live/10.8/firebase.js","packageURL":"https://www.gstatic.com/firebasejs/live/10.8/firebase.tgz"},"components":{"analytics":"https://www.gstatic.com/firebasejs/10.8.0/firebase-analytics.js","app":"https://www.gstatic.com/firebasejs/10.8.0/firebase-app.js","app-check":"https://www.gstatic.com/firebasejs/10.8.0/firebase-app-check.js","auth":"https://www.gstatic.com/firebasejs/10.8.0/firebase-auth.js","auth/cordova":"https://www.gstatic.com/firebasejs/10.8.0/firebase-auth/cordova.js","auth/web-extension":"https://www.gstatic.com/firebasejs/10.8.0/firebase-auth/web-extension.js","functions":"https://www.gstatic.com/firebasejs/10.8.0/firebase-functions.js","firestore":"https://www.gstatic.com/firebasejs/10.8.0/firebase-firestore.js","firestore/lite":"https://www.gstatic.com/firebasejs/10.8.0/firebase-firestore/lite.js","installations":"https://www.gstatic.com/firebasejs/10.8.0/firebase-installations.js","storage":"https://www.gstatic.com/firebasejs/10.8.0/firebase-storage.js","performance":"https://www.gstatic.com/firebasejs/10.8.0/firebase-performance.js","remote-config":"https://www.gstatic.com/firebasejs/10.8.0/firebase-remote-config.js","messaging":"https://www.gstatic.com/firebasejs/10.8.0/firebase-messaging.js","messaging/sw":"https://www.gstatic.com/firebasejs/10.8.0/firebase-messaging/sw.js","database":"https://www.gstatic.com/firebasejs/10.8.0/firebase-database.js","firestore.memory":"https://www.gstatic.com/firebasejs/10.8.0/firebase-firestore.memory.js"}}
[info] +  Wrote public/index.html 
[info] 
[info] i  Didn't detect a .git folder. Assuming J:\ZK Solutions\adex-master is the project root. 
[info] i  Authorizing with GitHub to upload your service account to a GitHub repository's secrets store. 
[info] 
[info] Visit this URL on this device to log in:
[info] https://github.com/login/oauth/authorize?client_id=89cf50f02ac6aaed3484&state=915510913&redirect_uri=http%3A%2F%2Flocalhost%3A9005&scope=read%3Auser%20repo%20public_repo
[info] 
[info] Waiting for authentication...
[debug] [2024-02-11T16:28:22.336Z] >>> [apiv2][query] POST https://github.com/login/oauth/access_token [none]
[debug] [2024-02-11T16:28:22.336Z] >>> [apiv2][body] POST https://github.com/login/oauth/access_token [stream]
[debug] [2024-02-11T16:28:22.711Z] <<< [apiv2][status] POST https://github.com/login/oauth/access_token 200
[debug] [2024-02-11T16:28:22.711Z] <<< [apiv2][body] POST https://github.com/login/oauth/access_token {"access_token":"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","token_type":"bearer","scope":"read:user,repo"}
[debug] [2024-02-11T16:28:22.717Z] >>> [apiv2][query] GET https://api.github.com/user [none]
[debug] [2024-02-11T16:28:23.124Z] <<< [apiv2][status] GET https://api.github.com/user 200
[debug] [2024-02-11T16:28:23.124Z] <<< [apiv2][body] GET https://api.github.com/user {"login":"Mateen2002","id":91769496,"node_id":"U_kgDOBXhKmA","avatar_url":"https://avatars.githubusercontent.com/u/91769496?v=4","gravatar_id":"","url":"https://api.github.com/users/Mateen2002","html_url":"https://github.com/Mateen2002","followers_url":"https://api.github.com/users/Mateen2002/followers","following_url":"https://api.github.com/users/Mateen2002/following{/other_user}","gists_url":"https://api.github.com/users/Mateen2002/gists{/gist_id}","starred_url":"https://api.github.com/users/Mateen2002/starred{/owner}{/repo}","subscriptions_url":"https://api.github.com/users/Mateen2002/subscriptions","organizations_url":"https://api.github.com/users/Mateen2002/orgs","repos_url":"https://api.github.com/users/Mateen2002/repos","events_url":"https://api.github.com/users/Mateen2002/events{/privacy}","received_events_url":"https://api.github.com/users/Mateen2002/received_events","type":"User","site_admin":false,"name":"Syed Mohammed Mateen Hussain","company":"MIts","blog":"mateen.live","location":null,"email":null,"hireable":null,"bio":null,"twitter_username":null,"public_repos":26,"public_gists":0,"followers":0,"following":0,"created_at":"2021-10-02T03:22:01Z","updated_at":"2024-01-24T13:11:05Z","private_gists":0,"total_private_repos":24,"owned_private_repos":24,"disk_usage":119696,"collaborators":3,"two_factor_authentication":true,"plan":{"name":"pro","space":976562499,"collaborators":0,"private_repos":9999}}
[info] 
[info] +  Success! Logged into GitHub as Mateen2002 
[info] 
[debug] [2024-02-11T16:28:43.737Z] >>> [apiv2][query] GET https://api.github.com/repos//actions/secrets/public-key type=owner
[debug] [2024-02-11T16:28:44.051Z] <<< [apiv2][status] GET https://api.github.com/repos//actions/secrets/public-key 404
[debug] [2024-02-11T16:28:44.051Z] <<< [apiv2][body] GET https://api.github.com/repos//actions/secrets/public-key {"message":"Not Found","documentation_url":"https://docs.github.com/rest"}
[info] 
[info] 
[error] !  The provided authorization cannot be used with this repository. If this repository is in an organization, did you remember to grant access? 
[info] 
[info] i  Action required: Visit this URL to ensure access has been granted to the appropriate organization(s) for the Firebase CLI GitHub OAuth App: 
[info] https://github.com/settings/connections/applications/89cf50f02ac6aaed3484
[info] 
